<?xml version="1.0" encoding="UTF-8"?>
<robot generator="Robot 3.2.2 (Python 3.8.5 on win32)" generated="20201005 21:32:40.525" rpa="false">
<suite id="s1" name="Test Scenarios" source="C:\Users\buku3\PycharmProjects\DWFM_Project\1_Stories\DWFM-32\Test_Scenarios.robot">
<test id="s1-t1" name="Test DWFM-32_02_Verify DWFM Appointment Menu">
<kw name="Click Workforce and Access Sub Menu">
<arguments>
<arg>Work Management</arg>
<arg>Appointment</arg>
<arg>Appointment Search</arg>
</arguments>
<kw name="Login to DWFM" library="dwfm_resources">
<kw name="Open Browser" library="SeleniumLibrary">
<doc>Opens a new browser instance to the optional ``url``.</doc>
<arguments>
<arg>${url}</arg>
<arg>${browser}</arg>
</arguments>
<msg timestamp="20201005 21:32:42.350" level="INFO">Opening browser 'chrome' to base url 'a1d5bf10b8eda423c8b1af8f61ed03f7-b34bb8413a847e3b.elb.ap-southeast-1.amazonaws.com:6070'.</msg>
<status status="PASS" starttime="20201005 21:32:42.349" endtime="20201005 21:32:58.023"></status>
</kw>
<kw name="Maximize Browser Window" library="SeleniumLibrary">
<doc>Maximizes current browser window.</doc>
<status status="PASS" starttime="20201005 21:32:58.024" endtime="20201005 21:33:00.226"></status>
</kw>
<kw name="Input Text" library="SeleniumLibrary">
<doc>Types the given ``text`` into the text field identified by ``locator``.</doc>
<arguments>
<arg>${USERNAME_TEXTFIELD}</arg>
<arg>${username}</arg>
</arguments>
<msg timestamp="20201005 21:33:00.228" level="INFO">Typing text 'zhaoyi@pccw.com' into text field 'username'.</msg>
<status status="PASS" starttime="20201005 21:33:00.227" endtime="20201005 21:33:00.453"></status>
</kw>
<kw name="Input Text" library="SeleniumLibrary">
<doc>Types the given ``text`` into the text field identified by ``locator``.</doc>
<arguments>
<arg>${PASSWORD_TEXTFIELD}</arg>
<arg>${password}</arg>
</arguments>
<msg timestamp="20201005 21:33:00.455" level="INFO">Typing text '123456' into text field '//*[@id="password"]'.</msg>
<status status="PASS" starttime="20201005 21:33:00.454" endtime="20201005 21:33:00.602"></status>
</kw>
<kw name="Click Element" library="SeleniumLibrary">
<doc>Click the element identified by ``locator``.</doc>
<arguments>
<arg>${LOGIN_BTN}</arg>
</arguments>
<msg timestamp="20201005 21:33:00.603" level="INFO">Clicking element '//*[@id="kc-login"]'.</msg>
<status status="PASS" starttime="20201005 21:33:00.602" endtime="20201005 21:33:05.800"></status>
</kw>
<kw name="Reload If Page Failed To Load" library="Homepage">
<kw name="${index} IN RANGE [ 1 | 1000 ]" type="for">
<kw name="${index} = 1" type="foritem">
<kw name="Run Keyword And Return Status" library="BuiltIn">
<doc>Runs the given keyword with given arguments and returns the status as a Boolean value.</doc>
<arguments>
<arg>Wait Until Page Contains Element</arg>
<arg>${NAVIGATED_TO_HOMEPAGE}</arg>
<arg>20s</arg>
</arguments>
<assign>
<var>${visibleMYEntt}</var>
</assign>
<kw name="Wait Until Page Contains Element" library="SeleniumLibrary">
<doc>Waits until the element ``locator`` appears on the current page.</doc>
<arguments>
<arg>${NAVIGATED_TO_HOMEPAGE}</arg>
<arg>20s</arg>
</arguments>
<status status="PASS" starttime="20201005 21:33:05.803" endtime="20201005 21:33:09.559"></status>
</kw>
<msg timestamp="20201005 21:33:09.559" level="INFO">${visibleMYEntt} = True</msg>
<status status="PASS" starttime="20201005 21:33:05.802" endtime="20201005 21:33:09.559"></status>
</kw>
<kw name="Exit For Loop If" library="BuiltIn">
<doc>Stops executing the enclosing for loop if the ``condition`` is true.</doc>
<arguments>
<arg>${visibleMYEntt} is ${True}</arg>
</arguments>
<msg timestamp="20201005 21:33:09.561" level="INFO">Exiting for loop altogether.</msg>
<status status="PASS" starttime="20201005 21:33:09.560" endtime="20201005 21:33:09.561"></status>
</kw>
<status status="PASS" starttime="20201005 21:33:05.802" endtime="20201005 21:33:09.561"></status>
</kw>
<status status="PASS" starttime="20201005 21:33:05.801" endtime="20201005 21:33:09.562"></status>
</kw>
<status status="PASS" starttime="20201005 21:33:05.801" endtime="20201005 21:33:09.562"></status>
</kw>
<kw name="Page Loaded Successfully" library="Homepage">
<kw name="Page Should Contain Element" library="SeleniumLibrary">
<doc>Verifies that element ``locator`` is found on the current page.</doc>
<arguments>
<arg>${NAVIGATED_TO_HOMEPAGE}</arg>
</arguments>
<msg timestamp="20201005 21:33:09.580" level="INFO">Current page contains element '//*[contains(@class, 'pace-done') and contains(@class, 'theme-light')]//div[contains(@data-progress-text, '100%') and contains(@class, 'pace-progress')]/ancestor::body//a[@class='logo active']'.</msg>
<status status="PASS" starttime="20201005 21:33:09.564" endtime="20201005 21:33:09.581"></status>
</kw>
<status status="PASS" starttime="20201005 21:33:09.563" endtime="20201005 21:33:09.582"></status>
</kw>
<kw name="Capture Page Screenshot" library="SeleniumLibrary">
<doc>Takes a screenshot of the current page and embeds it into a log file.</doc>
<msg timestamp="20201005 21:33:10.031" level="INFO" html="yes">&lt;/td&gt;&lt;/tr&gt;&lt;tr&gt;&lt;td colspan="3"&gt;&lt;a href="selenium-screenshot-1.png"&gt;&lt;img src="selenium-screenshot-1.png" width="800px"&gt;&lt;/a&gt;</msg>
<status status="PASS" starttime="20201005 21:33:09.582" endtime="20201005 21:33:10.032"></status>
</kw>
<status status="PASS" starttime="20201005 21:32:42.349" endtime="20201005 21:33:10.032"></status>
</kw>
<kw name="Access Sub Menu From Workforce" library="Generic_Keyword_Library">
<doc>Access Sub Menu From Workforce Main Menu
Atikah Mohd Amin
01 October 2020</doc>
<arguments>
<arg>${subMenu}</arg>
<arg>${menuName}</arg>
</arguments>
<kw name="Click Element" library="SeleniumLibrary">
<doc>Click the element identified by ``locator``.</doc>
<arguments>
<arg>${WORKFORCE_DDL}</arg>
</arguments>
<msg timestamp="20201005 21:33:10.035" level="INFO">Clicking element '//a//span[contains(., 'Workforce')]'.</msg>
<status status="PASS" starttime="20201005 21:33:10.034" endtime="20201005 21:33:10.270"></status>
</kw>
<kw name="Wait Until Element Is Visible" library="SeleniumLibrary">
<doc>Waits until the element ``locator`` is visible.</doc>
<arguments>
<arg>//div[contains(@class, 'sub-menu-header')]//a/span[contains(., "${subMenu}")]</arg>
<arg>30s</arg>
</arguments>
<status status="PASS" starttime="20201005 21:33:10.271" endtime="20201005 21:33:10.437"></status>
</kw>
<kw name="Scroll to Element" library="Generic_Keyword_Library">
<doc>To input value to specific element in the page using xpath
Atikah Mohd Amin
28 Sept 2020:</doc>
<arguments>
<arg>//nav[contains(@class, 'sub-level')]//a/span[contains(., '${subSubLevel}')]</arg>
</arguments>
<kw name="Execute Javascript" library="SeleniumLibrary">
<doc>Executes the given JavaScript code with possible arguments.</doc>
<arguments>
<arg>document.evaluate("${elementXpath3}", document, null, XPathResult.FIRST_ORDERED_NODE_TYPE, null).singleNodeValue.scrollIntoView(); window.scrollBy(0, 600);</arg>
</arguments>
<msg timestamp="20201005 21:33:10.440" level="INFO">Executing JavaScript:
document.evaluate("//nav[contains(@class, 'sub-level')]//a/span[contains(., 'Appointment')]", document, null, XPathResult.FIRST_ORDERED_NODE_TYPE, null).singleNodeValue.scrollIntoView(); window.scrollBy(0, 600);
Without any arguments.</msg>
<status status="PASS" starttime="20201005 21:33:10.439" endtime="20201005 21:33:10.454"></status>
</kw>
<status status="PASS" starttime="20201005 21:33:10.438" endtime="20201005 21:33:10.454"></status>
</kw>
<kw name="Capture Page Screenshot" library="SeleniumLibrary">
<doc>Takes a screenshot of the current page and embeds it into a log file.</doc>
<msg timestamp="20201005 21:33:10.967" level="INFO" html="yes">&lt;/td&gt;&lt;/tr&gt;&lt;tr&gt;&lt;td colspan="3"&gt;&lt;a href="selenium-screenshot-2.png"&gt;&lt;img src="selenium-screenshot-2.png" width="800px"&gt;&lt;/a&gt;</msg>
<status status="PASS" starttime="20201005 21:33:10.455" endtime="20201005 21:33:10.967"></status>
