<?xml version="1.0" encoding="UTF-8"?>
<robot generator="Robot 3.2.2 (Python 3.8.5 on win32)" generated="20201005 17:24:45.156" rpa="false">
<suite id="s1" name="Test Scenarios" source="C:\Users\buku3\PycharmProjects\DWFM_Project\1_Stories\DWFM-32\Test_Scenarios.robot">
<test id="s1-t1" name="Test DWFM-32_02_Verify DWFM Appointment Menu">
<kw name="Click Workforce and Access Sub Menu">
<arguments>
<arg>Work Management</arg>
<arg>Appointment</arg>
<arg>Appointment Search</arg>
</arguments>
<kw name="Login to DWFM" library="dwfm_resources">
<kw name="Open Browser" library="SeleniumLibrary">
<doc>Opens a new browser instance to the optional ``url``.</doc>
<arguments>
<arg>${url}</arg>
<arg>${browser}</arg>
</arguments>
<msg timestamp="20201005 17:24:47.867" level="INFO">Opening browser 'chrome' to base url 'a1d5bf10b8eda423c8b1af8f61ed03f7-b34bb8413a847e3b.elb.ap-southeast-1.amazonaws.com:6070'.</msg>
<status status="PASS" starttime="20201005 17:24:47.866" endtime="20201005 17:25:06.426"></status>
</kw>
<kw name="Maximize Browser Window" library="SeleniumLibrary">
<doc>Maximizes current browser window.</doc>
<status status="PASS" starttime="20201005 17:25:06.427" endtime="20201005 17:25:09.356"></status>
</kw>
<kw name="Input Text" library="SeleniumLibrary">
<doc>Types the given ``text`` into the text field identified by ``locator``.</doc>
<arguments>
<arg>${USERNAME_TEXTFIELD}</arg>
<arg>${username}</arg>
</arguments>
<msg timestamp="20201005 17:25:09.359" level="INFO">Typing text 'zhaoyi@pccw.com' into text field 'username'.</msg>
<status status="PASS" starttime="20201005 17:25:09.357" endtime="20201005 17:25:10.438"></status>
</kw>
<kw name="Input Text" library="SeleniumLibrary">
<doc>Types the given ``text`` into the text field identified by ``locator``.</doc>
<arguments>
<arg>${PASSWORD_TEXTFIELD}</arg>
<arg>${password}</arg>
</arguments>
<msg timestamp="20201005 17:25:10.440" level="INFO">Typing text '123456' into text field '//*[@id="password"]'.</msg>
<status status="PASS" starttime="20201005 17:25:10.439" endtime="20201005 17:25:11.030"></status>
</kw>
<kw name="Click Element" library="SeleniumLibrary">
<doc>Click the element identified by ``locator``.</doc>
<arguments>
<arg>${LOGIN_BTN}</arg>
</arguments>
<msg timestamp="20201005 17:25:11.032" level="INFO">Clicking element '//*[@id="kc-login"]'.</msg>
<status status="PASS" starttime="20201005 17:25:11.031" endtime="20201005 17:25:26.684"></status>
</kw>
<kw name="Reload If Page Failed To Load" library="Homepage">
<kw name="${index} IN RANGE [ 1 | 1000 ]" type="for">
<kw name="${index} = 1" type="foritem">
<kw name="Run Keyword And Return Status" library="BuiltIn">
<doc>Runs the given keyword with given arguments and returns the status as a Boolean value.</doc>
<arguments>
<arg>Wait Until Page Contains Element</arg>
<arg>${NAVIGATED_TO_HOMEPAGE}</arg>
<arg>20s</arg>
</arguments>
<assign>
<var>${visibleMYEntt}</var>
</assign>
<kw name="Wait Until Page Contains Element" library="SeleniumLibrary">
<doc>Waits until the element ``locator`` appears on the current page.</doc>
<arguments>
<arg>${NAVIGATED_TO_HOMEPAGE}</arg>
<arg>20s</arg>
</arguments>
<kw name="Capture Page Screenshot" library="SeleniumLibrary">
<doc>Takes a screenshot of the current page and embeds it into a log file.</doc>
<msg timestamp="20201005 17:25:47.453" level="INFO" html="yes">&lt;/td&gt;&lt;/tr&gt;&lt;tr&gt;&lt;td colspan="3"&gt;&lt;a href="selenium-screenshot-61.png"&gt;&lt;img src="selenium-screenshot-61.png" width="800px"&gt;&lt;/a&gt;</msg>
<status status="PASS" starttime="20201005 17:25:46.746" endtime="20201005 17:25:47.453"></status>
</kw>
<msg timestamp="20201005 17:25:47.458" level="FAIL">Element '//*[contains(@class, 'pace-done') and contains(@class, 'theme-light')]//div[contains(@data-progress-text, '100%') and contains(@class, 'pace-progress')]/ancestor::body//a[@class='logo active']' did not appear in 20 seconds.</msg>
<status status="FAIL" starttime="20201005 17:25:26.691" endtime="20201005 17:25:47.459"></status>
</kw>
<msg timestamp="20201005 17:25:47.460" level="INFO">${visibleMYEntt} = False</msg>
<status status="PASS" starttime="20201005 17:25:26.690" endtime="20201005 17:25:47.460"></status>
</kw>
<kw name="Exit For Loop If" library="BuiltIn">
<doc>Stops executing the enclosing for loop if the ``condition`` is true.</doc>
<arguments>
<arg>${visibleMYEntt} is ${True}</arg>
</arguments>
<status status="PASS" starttime="20201005 17:25:47.461" endtime="20201005 17:25:47.463"></status>
</kw>
<kw name="Need to Reload Page" library="Homepage">
<kw name="Capture Page Screenshot" library="SeleniumLibrary">
<doc>Takes a screenshot of the current page and embeds it into a log file.</doc>
<msg timestamp="20201005 17:25:48.341" level="INFO" html="yes">&lt;/td&gt;&lt;/tr&gt;&lt;tr&gt;&lt;td colspan="3"&gt;&lt;a href="selenium-screenshot-62.png"&gt;&lt;img src="selenium-screenshot-62.png" width="800px"&gt;&lt;/a&gt;</msg>
<status status="PASS" starttime="20201005 17:25:47.465" endtime="20201005 17:25:48.342"></status>
</kw>
<kw name="Reload Page" library="SeleniumLibrary">
<doc>Simulates user reloading page.</doc>
<status status="PASS" starttime="20201005 17:25:48.343" endtime="20201005 17:26:00.078"></status>
</kw>
<status status="PASS" starttime="20201005 17:25:47.464" endtime="20201005 17:26:00.079"></status>
</kw>
<status status="PASS" starttime="20201005 17:25:26.689" endtime="20201005 17:26:00.079"></status>
</kw>
<kw name="${index} = 2" type="foritem">
<kw name="Run Keyword And Return Status" library="BuiltIn">
<doc>Runs the given keyword with given arguments and returns the status as a Boolean value.</doc>
<arguments>
<arg>Wait Until Page Contains Element</arg>
<arg>${NAVIGATED_TO_HOMEPAGE}</arg>
<arg>20s</arg>
</arguments>
<assign>
<var>${visibleMYEntt}</var>
</assign>
<kw name="Wait Until Page Contains Element" library="SeleniumLibrary">
<doc>Waits until the element ``locator`` appears on the current page.</doc>
<arguments>
<arg>${NAVIGATED_TO_HOMEPAGE}</arg>
<arg>20s</arg>
</arguments>
<status status="PASS" starttime="20201005 17:26:00.082" endtime="20201005 17:26:06.820"></status>
</kw>
<msg timestamp="20201005 17:26:06.820" level="INFO">${visibleMYEntt} = True</msg>
<status status="PASS" starttime="20201005 17:26:00.081" endtime="20201005 17:26:06.820"></status>
</kw>
<kw name="Exit For Loop If" library="BuiltIn">
<doc>Stops executing the enclosing for loop if the ``condition`` is true.</doc>
<arguments>
<arg>${visibleMYEntt} is ${True}</arg>
</arguments>
<msg timestamp="20201005 17:26:06.823" level="INFO">Exiting for loop altogether.</msg>
<status status="PASS" starttime="20201005 17:26:06.821" endtime="20201005 17:26:06.824"></status>
</kw>
<status status="PASS" starttime="20201005 17:26:00.080" endtime="20201005 17:26:06.824"></status>
</kw>
<status status="PASS" starttime="20201005 17:25:26.688" endtime="20201005 17:26:06.825"></status>
</kw>
<status status="PASS" starttime="20201005 17:25:26.686" endtime="20201005 17:26:06.826"></status>
</kw>
<kw name="Page Loaded Successfully" library="Homepage">
<kw name="Page Should Contain Element" library="SeleniumLibrary">
<doc>Verifies that element ``locator`` is found on the current page.</doc>
<arguments>
<arg>${NAVIGATED_TO_HOMEPAGE}</arg>
</arguments>
<msg timestamp="20201005 17:26:06.851" level="INFO">Current page contains element '//*[contains(@class, 'pace-done') and contains(@class, 'theme-light')]//div[contains(@data-progress-text, '100%') and contains(@class, 'pace-progress')]/ancestor::body//a[@class='logo active']'.</msg>
<status status="PASS" starttime="20201005 17:26:06.829" endtime="20201005 17:26:06.852"></status>
</kw>
<status status="PASS" starttime="20201005 17:26:06.827" endtime="20201005 17:26:06.853"></status>
</kw>
<kw name="Capture Page Screenshot" library="SeleniumLibrary">
<doc>Takes a screenshot of the current page and embeds it into a log file.</doc>
<msg timestamp="20201005 17:26:07.706" level="INFO" html="yes">&lt;/td&gt;&lt;/tr&gt;&lt;tr&gt;&lt;td colspan="3"&gt;&lt;a href="selenium-screenshot-63.png"&gt;&lt;img src="selenium-screenshot-63.png" width="800px"&gt;&lt;/a&gt;</msg>
<status status="PASS" starttime="20201005 17:26:06.854" endtime="20201005 17:26:07.707"></status>
</kw>
<status status="PASS" starttime="20201005 17:24:47.865" endtime="20201005 17:26:07.708"></status>
</kw>
<kw name="Access Sub Menu From Workforce" library="Generic_Keyword_Library">
<doc>Access Sub Menu From Workforce Main Menu
Atikah Mohd Amin
01 October 2020</doc>
<arguments>
<arg>${subMenu}</arg>
<arg>${menuName}</arg>
</arguments>
<kw name="Click Element" library="SeleniumLibrary">
<doc>Click the element identified by ``locator``.</doc>
<arguments>
<arg>${WORKFORCE_DDL}</arg>
</arguments>
<msg timestamp="20201005 17:26:07.712" level="INFO">Clicking element '//a//span[contains(., 'Workforce')]'.</msg>
<status status="PASS" starttime="20201005 17:26:07.712" endtime="20201005 17:26:08.400"></status>
</kw>
<kw name="Wait Until Element Is Visible" library="SeleniumLibrary">
<doc>Waits until the element ``locator`` is visible.</doc>
<arguments>
<arg>//div[contains(@class, 'sub-menu-header')]//a/span[contains(., "${subMenu}")]</arg>
<arg>30s</arg>
</arguments>
<status status="PASS" starttime="20201005 17:26:08.401" endtime="20201005 17:26:08.889"></status>
</kw>
<kw name="Scroll to Element" library="Generic_Keyword_Library">
<doc>To input value to specific element in the page using xpath
Atikah Mohd Amin
28 Sept 2020:</doc>
<arguments>
<arg>//nav[contains(@class, 'sub-level')]//a/span[contains(., '${subSubLevel}')]</arg>
</arguments>
<kw name="Execute Javascript" library="SeleniumLibrary">
<doc>Executes the given JavaScript code with possible arguments.</doc>
<arguments>
<arg>document.evaluate("${elementXpath3}", document, null, XPathResult.FIRST_ORDERED_NODE_TYPE, null).singleNodeValue.scrollIntoView(); window.scrollBy(0, 600);</arg>
</arguments>
<msg timestamp="20201005 17:26:08.896" level="INFO">Executing JavaScript:
document.evaluate("//nav[contains(@class, 'sub-level')]//a/span[contains(., 'Appointment')]", document, null, XPathResult.FIRST_ORDERED_NODE_TYPE, null).singleNodeValue.scrollIntoView(); window.scrollBy(0, 600);
Without any arguments.</msg>
<status status="PASS" starttime="20201005 17:26:08.894" endtime="20201005 17:26:08.937"></status>
</kw>
<status status="PASS" starttime="20201005 17:26:08.890" endtime="20201005 17:26:08.937"></status>
</kw>
<kw name="Capture Page Screenshot" library="SeleniumLibrary">
<doc>Takes a screenshot of the current page and embeds it into a log file.</doc>
<msg timestamp="20201005 17:26:09.823" level="INFO" html="yes">&lt;/td&gt;&lt;/tr&gt;&lt;tr&gt;&lt;td colspan="3"&gt;&lt;a href="selenium-screenshot-64.png"&gt;&lt;img src="selenium-screenshot-64.png" width="800px"&gt;&lt;/a&gt;</msg>
<status status="PASS" starttime="20201005 17:26:08.938" endtime="20201005 17:26:09.823"></status>
</kw>
<kw name="Click Element" library="SeleniumLibrary">
<doc>Click the element identified by ``locator``.</doc>
<arguments>
<arg>//nav[contains(@class, 'sub-level')]//a/span[contains(., "${subSubLevel}")]</arg>
</arguments>
<msg timestamp="20201005 17:26:09.826" level="INFO">Clicking element '//nav[contains(@class, 'sub-level')]//a/span[contains(., "Appointment")]'.</msg>
<status status="PASS" starttime="20201005 17:26:09.824" endtime="20201005 17:26:10.492"></status>
</kw>
<kw name="Page Finished Loading" library="Homepage">
<kw name="Wait Until Page Contains Element" library="SeleniumLibrary">
<doc>Waits until the element ``locator`` appears on the current page.</doc>
<arguments>
<arg>${PAGE_LODING_DONE}</arg>
<arg>30s</arg>
</arguments>
<status status="PASS" starttime="20201005 17:26:10.502" endtime="20201005 17:26:10.988"></status>
</kw>
<kw name="Wait Until Element Is Not Visible" library="SeleniumLibrary">
<doc>Waits until the element ``locator`` is not visible.</doc>
<arguments>
<arg>${PAGE_STILL_LOADING}</arg>
<arg>${visibilityTimeOut}</arg>
</arguments>
<msg timestamp="20201005 17:26:31.016" level="INFO">Suppressing StaleElementReferenceException from Selenium.</msg>
<status status="PASS" starttime="20201005 17:26:10.989" endtime="20201005 17:26:31.245"></status>
</kw>
<status status="PASS" starttime="20201005 17:26:10.495" endtime="20201005 17:26:31.246"></status>
</kw>
<status status="PASS" starttime="20201005 17:26:07.709" endtime="20201005 17:26:31.246"></status>
</kw>
<kw name="Wait Until Element Is Visible" library="SeleniumLibrary">
<doc>Waits until the element ``locator`` is visible.</doc>
<arguments>
<arg>//h5[contains(., '${pageHeaderName}')]</arg>
<arg>30s</arg>
</arguments>
<status status="PASS" starttime="20201005 17:26:31.246" endtime="20201005 17:26:31.306"></status>
</kw>
<kw name="Page Should Contain Element" library="SeleniumLibrary">
<doc>Verifies that element ``locator`` is found on the current page.</doc>
<arguments>
<arg>//h5[contains(., '${pageHeaderName}')]</arg>
</arguments>
<msg timestamp="20201005 17:26:31.352" level="INFO">Current page contains element '//h5[contains(., 'Appointment Search')]'.</msg>
<status status="PASS" starttime="20201005 17:26:31.307" endtime="20201005 17:26:31.352"></status>
</kw>
<kw name="Capture Page Screenshot" library="SeleniumLibrary">
<doc>Takes a screenshot of the current page and embeds it into a log file.</doc>
<msg timestamp="20201005 17:26:31.971" level="INFO" html="yes">&lt;/td&gt;&lt;/tr&gt;&lt;tr&gt;&lt;td colspan="3"&gt;&lt;a href="selenium-screenshot-65.png"&gt;&lt;img src="selenium-screenshot-65.png" width="800px"&gt;&lt;/a&gt;</msg>
<status status="PASS" starttime="20201005 17:26:31.353" endtime="20201005 17:26:31.972"></status>
</kw>
<kw name="Close Browser" library="SeleniumLibrary">
<doc>Closes the current browser.</doc>
<status status="PASS" starttime="20201005 17:26:31.973" endtime="20201005 17:26:34.761"></status>
</kw>
<status status="PASS" starttime="20201005 17:24:47.863" endtime="20201005 17:26:34.762"></status>
</kw>
<status status="PASS" starttime="20201005 17:24:47.861" endtime="20201005 17:26:34.762" critical="yes"></status>
</test>
<test id="s1-t2" name="Test DWFM-32_03_Verify DWFM Service Work Menu">
<kw name="Click Workforce and Access Sub Menu">
<arguments>
<arg>Work Management</arg>
<arg>Service Work</arg>
<arg>Service Work Search</arg>
</arguments>
<kw name="Login to DWFM" library="dwfm_resources">
<kw name="Open Browser" library="SeleniumLibrary">
<doc>Opens a new browser instance to the optional ``url``.</doc>
<arguments>
<arg>${url}</arg>
<arg>${browser}</arg>
</arguments>
<msg timestamp="20201005 17:26:34.770" level="INFO">Opening browser 'chrome' to base url 'a1d5bf10b8eda423c8b1af8f61ed03f7-b34bb8413a847e3b.elb.ap-southeast-1.amazonaws.com:6070'.</msg>
<status status="PASS" starttime="20201005 17:26:34.769" endtime="20201005 17:27:02.272"></status>
</kw>
<kw name="Maximize Browser Window" library="SeleniumLibrary">
<doc>Maximizes current browser window.</doc>
<status status="PASS" starttime="20201005 17:27:02.272" endtime="20201005 17:27:05.047"></status>
</kw>
<kw name="Input Text" library="SeleniumLibrary">
<doc>Types the given ``text`` into the text field identified by ``locator``.</doc>
<arguments>
<arg>${USERNAME_TEXTFIELD}</arg>
<arg>${username}</arg>
</arguments>
<msg timestamp="20201005 17:27:05.051" level="INFO">Typing text 'zhaoyi@pccw.com' into text field 'username'.</msg>
<status status="PASS" starttime="20201005 17:27:05.049" endtime="20201005 17:27:05.441"></status>
</kw>
<kw name="Input Text" library="SeleniumLibrary">
<doc>Types the given ``text`` into the text field identified by ``locator``.</doc>
<arguments>
<arg>${PASSWORD_TEXTFIELD}</arg>
<arg>${password}</arg>
</arguments>
<msg timestamp="20201005 17:27:05.445" level="INFO">Typing text '123456' into text field '//*[@id="password"]'.</msg>
<status status="PASS" starttime="20201005 17:27:05.443" endtime="20201005 17:27:05.773"></status>
</kw>
<kw name="Click Element" library="SeleniumLibrary">
<doc>Click the element identified by ``locator``.</doc>
<arguments>
<arg>${LOGIN_BTN}</arg>
</arguments>
<msg timestamp="20201005 17:27:05.773" level="INFO">Clicking element '//*[@id="kc-login"]'.